build/app/intermediates/manifest_merge_blame_file/release/manifest-merger-blame-release-report.txt
1<?xml version="1.0" encoding="utf-8"?>
2<manifest xmlns:android="http://schemas.android.com/apk/res/android"
3    package="com.example.jpj_hrm_mobile"
4    android:versionCode="1"
5    android:versionName="1.0.0" >
6
7    <uses-sdk
8        android:minSdkVersion="21"
8-->src\main\AndroidManifest.xml
9        android:targetSdkVersion="33" />
9-->src\main\AndroidManifest.xml
10
11    <uses-permission android:name="android.permission.INTERNET" />
11-->src\main\AndroidManifest.xml:4:5-67
11-->src\main\AndroidManifest.xml:4:22-64
12    <uses-permission android:name="android.permission.WRITE_EXTERNAL_STORAGE" />
12-->src\main\AndroidManifest.xml:5:5-81
12-->src\main\AndroidManifest.xml:5:22-78
13    <uses-permission android:name="android.permission.ACCESS_FINE_LOCATION" />
13-->src\main\AndroidManifest.xml:6:5-79
13-->src\main\AndroidManifest.xml:6:22-76
14    <uses-permission android:name="android.permission.ACCESS_COARSE_LOCATION" />
14-->src\main\AndroidManifest.xml:7:5-81
14-->src\main\AndroidManifest.xml:7:22-78
15    <uses-permission android:name="android.permission.ACCESS_BACKGROUND_LOCATION" />
15-->src\main\AndroidManifest.xml:8:5-85
15-->src\main\AndroidManifest.xml:8:22-82
16    <uses-permission android:name="android.permission.FOREGROUND_SERVICE" />
16-->[:geolocator_android] AndroidManifest.xml:9:5-77
16-->[:geolocator_android] AndroidManifest.xml:9:22-74
17    <uses-permission android:name="android.permission.READ_EXTERNAL_STORAGE" />
17-->[:file_picker] AndroidManifest.xml:9:5-80
17-->[:file_picker] AndroidManifest.xml:9:22-77
18
19    <queries>
19-->[:file_picker] AndroidManifest.xml:11:5-17:15
20        <intent>
20-->[:file_picker] AndroidManifest.xml:12:9-16:18
21            <action android:name="android.intent.action.GET_CONTENT" />
21-->[:file_picker] AndroidManifest.xml:13:13-72
21-->[:file_picker] AndroidManifest.xml:13:21-69
22
23            <data android:mimeType="*/*" />
23-->[:file_picker] AndroidManifest.xml:15:13-44
23-->[:file_picker] AndroidManifest.xml:15:19-41
24        </intent>
25    </queries>
26
27    <uses-permission android:name="android.permission.CAMERA" />
27-->[:flutter_barcode_scanner] AndroidManifest.xml:9:5-65
27-->[:flutter_barcode_scanner] AndroidManifest.xml:9:22-62
28
29    <uses-feature android:name="android.hardware.camera" />
29-->[:flutter_barcode_scanner] AndroidManifest.xml:11:5-60
29-->[:flutter_barcode_scanner] AndroidManifest.xml:11:19-57
30
31    <uses-permission android:name="android.permission.FLASHLIGHT" />
31-->[:flutter_barcode_scanner] AndroidManifest.xml:13:5-69
31-->[:flutter_barcode_scanner] AndroidManifest.xml:13:22-66
32    <uses-permission android:name="android.permission.RECORD_AUDIO" />
32-->[:camera_android] AndroidManifest.xml:10:5-71
32-->[:camera_android] AndroidManifest.xml:10:22-68
33    <uses-permission android:name="android.permission.ACCESS_NETWORK_STATE" />
33-->[:connectivity_plus] AndroidManifest.xml:9:5-79
33-->[:connectivity_plus] AndroidManifest.xml:9:22-76
34    <uses-permission android:name="android.permission.RECEIVE_BOOT_COMPLETED" />
34-->[:flutter_background_service_android] AndroidManifest.xml:10:5-81
34-->[:flutter_background_service_android] AndroidManifest.xml:10:22-78
35    <uses-permission android:name="android.permission.WAKE_LOCK" />
35-->[:flutter_background_service_android] AndroidManifest.xml:11:5-68
35-->[:flutter_background_service_android] AndroidManifest.xml:11:22-65
36
37    <application
38        android:name="android.app.Application"
38-->src\main\AndroidManifest.xml:12:9-42
39        android:appComponentFactory="androidx.core.app.CoreComponentFactory"
39-->[androidx.core:core:1.8.0] AndroidManifest.xml:24:18-86
40        android:icon="@mipmap/launcher_icon"
40-->src\main\AndroidManifest.xml:14:9-45
41        android:label="JPJ-HRM"
41-->src\main\AndroidManifest.xml:11:9-32
42        android:largeHeap="true"
42-->[:flutter_barcode_scanner] AndroidManifest.xml:16:9-33
43        android:theme="@style/Theme.AppCompat.NoActionBar"
43-->[:flutter_barcode_scanner] AndroidManifest.xml:17:9-59
44        android:usesCleartextTraffic="true" >
44-->src\main\AndroidManifest.xml:13:9-44
45        <activity
45-->src\main\AndroidManifest.xml:15:9-35:20
46            android:name="com.example.jpj_hrm_mobile.MainActivity"
46-->src\main\AndroidManifest.xml:16:13-41
47            android:configChanges="orientation|keyboardHidden|keyboard|screenSize|smallestScreenSize|locale|layoutDirection|fontScale|screenLayout|density|uiMode"
47-->src\main\AndroidManifest.xml:20:13-163
48            android:exported="true"
48-->src\main\AndroidManifest.xml:17:13-36
49            android:hardwareAccelerated="true"
49-->src\main\AndroidManifest.xml:21:13-47
50            android:launchMode="singleTop"
50-->src\main\AndroidManifest.xml:18:13-43
51            android:theme="@style/LaunchTheme"
51-->src\main\AndroidManifest.xml:19:13-47
52            android:windowSoftInputMode="adjustResize" >
52-->src\main\AndroidManifest.xml:22:13-55
53
54            <!--
55                 Specifies an Android theme to apply to this Activity as soon as
56                 the Android process has started. This theme is visible to the user
57                 while the Flutter UI initializes. After that, this theme continues
58                 to determine the Window background behind the Flutter UI.
59            -->
60            <meta-data
60-->src\main\AndroidManifest.xml:27:13-30:17
61                android:name="io.flutter.embedding.android.NormalTheme"
61-->src\main\AndroidManifest.xml:28:15-70
62                android:resource="@style/NormalTheme" />
62-->src\main\AndroidManifest.xml:29:15-52
63
64            <intent-filter>
64-->src\main\AndroidManifest.xml:31:13-34:29
65                <action android:name="android.intent.action.MAIN" />
65-->src\main\AndroidManifest.xml:32:17-68
65-->src\main\AndroidManifest.xml:32:25-66
66
67                <category android:name="android.intent.category.LAUNCHER" />
67-->src\main\AndroidManifest.xml:33:17-76
67-->src\main\AndroidManifest.xml:33:27-74
68            </intent-filter>
69        </activity>
70        <!--
71             Don't delete the meta-data below.
72             This is used by the Flutter tool to generate GeneratedPluginRegistrant.java
73        -->
74        <meta-data
74-->src\main\AndroidManifest.xml:38:9-40:33
75            android:name="flutterEmbedding"
75-->src\main\AndroidManifest.xml:39:13-44
76            android:value="2" />
76-->src\main\AndroidManifest.xml:40:13-30
77
78        <service
78-->[:geolocator_android] AndroidManifest.xml:12:9-16:56
79            android:name="com.baseflow.geolocator.GeolocatorLocationService"
79-->[:geolocator_android] AndroidManifest.xml:13:13-77
80            android:enabled="true"
80-->[:geolocator_android] AndroidManifest.xml:14:13-35
81            android:exported="false"
81-->[:geolocator_android] AndroidManifest.xml:15:13-37
82            android:foregroundServiceType="location" />
82-->[:geolocator_android] AndroidManifest.xml:16:13-53
83
84        <activity android:name="com.amolg.flutterbarcodescanner.BarcodeCaptureActivity" />
84-->[:flutter_barcode_scanner] AndroidManifest.xml:18:9-91
84-->[:flutter_barcode_scanner] AndroidManifest.xml:18:19-88
85
86        <provider
86-->[:image_picker_android] AndroidManifest.xml:10:9-18:20
87            android:name="io.flutter.plugins.imagepicker.ImagePickerFileProvider"
87-->[:image_picker_android] AndroidManifest.xml:11:13-82
88            android:authorities="com.example.jpj_hrm_mobile.flutter.image_provider"
88-->[:image_picker_android] AndroidManifest.xml:12:13-74
89            android:exported="false"
89-->[:image_picker_android] AndroidManifest.xml:13:13-37
90            android:grantUriPermissions="true" >
90-->[:image_picker_android] AndroidManifest.xml:14:13-47
91            <meta-data
91-->[:image_picker_android] AndroidManifest.xml:15:13-17:75
92                android:name="android.support.FILE_PROVIDER_PATHS"
92-->[:image_picker_android] AndroidManifest.xml:16:17-67
93                android:resource="@xml/flutter_image_picker_file_paths" />
93-->[:image_picker_android] AndroidManifest.xml:17:17-72
94        </provider>
95
96        <service
96-->[:flutter_background_service_android] AndroidManifest.xml:14:9-18:44
97            android:name="id.flutter.flutter_background_service.BackgroundService"
97-->[:flutter_background_service_android] AndroidManifest.xml:15:13-83
98            android:enabled="true"
98-->[:flutter_background_service_android] AndroidManifest.xml:16:13-35
99            android:exported="true"
99-->[:flutter_background_service_android] AndroidManifest.xml:17:13-36
100            android:stopWithTask="false" />
100-->[:flutter_background_service_android] AndroidManifest.xml:18:13-41
101
102        <receiver
102-->[:flutter_background_service_android] AndroidManifest.xml:20:9-23:39
103            android:name="id.flutter.flutter_background_service.WatchdogReceiver"
103-->[:flutter_background_service_android] AndroidManifest.xml:21:13-82
104            android:enabled="true"
104-->[:flutter_background_service_android] AndroidManifest.xml:22:13-35
105            android:exported="true" />
105-->[:flutter_background_service_android] AndroidManifest.xml:23:13-36
106        <receiver
106-->[:flutter_background_service_android] AndroidManifest.xml:24:9-32:20
107            android:name="id.flutter.flutter_background_service.BootReceiver"
107-->[:flutter_background_service_android] AndroidManifest.xml:25:13-78
108            android:enabled="true"
108-->[:flutter_background_service_android] AndroidManifest.xml:26:13-35
109            android:exported="true" >
109-->[:flutter_background_service_android] AndroidManifest.xml:27:13-36
110            <intent-filter>
110-->[:flutter_background_service_android] AndroidManifest.xml:28:13-31:29
111                <action android:name="android.intent.action.BOOT_COMPLETED" />
111-->[:flutter_background_service_android] AndroidManifest.xml:29:17-79
111-->[:flutter_background_service_android] AndroidManifest.xml:29:25-76
112                <action android:name="android.intent.action.QUICKBOOT_POWERON" />
112-->[:flutter_background_service_android] AndroidManifest.xml:30:17-82
112-->[:flutter_background_service_android] AndroidManifest.xml:30:25-79
113            </intent-filter>
114        </receiver>
115
116        <activity
116-->[:trust_location] AndroidManifest.xml:13:9-20:20
117            android:name="com.wongpiwat.trust_location.TrustLocationPlugin"
117-->[:trust_location] AndroidManifest.xml:14:13-76
118            android:configChanges="orientation|keyboardHidden|keyboard|screenSize|locale|layoutDirection|fontScale|screenLayout|density|uiMode"
118-->[:trust_location] AndroidManifest.xml:15:13-144
119            android:hardwareAccelerated="true"
119-->[:trust_location] AndroidManifest.xml:16:13-47
120            android:launchMode="singleTop"
120-->[:trust_location] AndroidManifest.xml:17:13-43
121            android:theme="@android:style/Theme.Black.NoTitleBar"
121-->[:trust_location] AndroidManifest.xml:18:13-66
122            android:windowSoftInputMode="adjustResize" >
122-->[:trust_location] AndroidManifest.xml:19:13-55
123        </activity>
124        <activity
124-->[com.google.android.gms:play-services-base:17.5.0] AndroidManifest.xml:23:9-26:75
125            android:name="com.google.android.gms.common.api.GoogleApiActivity"
125-->[com.google.android.gms:play-services-base:17.5.0] AndroidManifest.xml:24:13-79
126            android:exported="false"
126-->[com.google.android.gms:play-services-base:17.5.0] AndroidManifest.xml:25:13-37
127            android:theme="@android:style/Theme.Translucent.NoTitleBar" />
127-->[com.google.android.gms:play-services-base:17.5.0] AndroidManifest.xml:26:13-72
128
129        <meta-data
129-->[com.google.android.gms:play-services-basement:17.5.0] AndroidManifest.xml:23:9-25:69
130            android:name="com.google.android.gms.version"
130-->[com.google.android.gms:play-services-basement:17.5.0] AndroidManifest.xml:24:13-58
131            android:value="@integer/google_play_services_version" />
131-->[com.google.android.gms:play-services-basement:17.5.0] AndroidManifest.xml:25:13-66
132
133        <uses-library
133-->[androidx.window:window:1.0.0-beta04] AndroidManifest.xml:25:9-27:40
134            android:name="androidx.window.extensions"
134-->[androidx.window:window:1.0.0-beta04] AndroidManifest.xml:26:13-54
135            android:required="false" />
135-->[androidx.window:window:1.0.0-beta04] AndroidManifest.xml:27:13-37
136        <uses-library
136-->[androidx.window:window:1.0.0-beta04] AndroidManifest.xml:28:9-30:40
137            android:name="androidx.window.sidecar"
137-->[androidx.window:window:1.0.0-beta04] AndroidManifest.xml:29:13-51
138            android:required="false" />
138-->[androidx.window:window:1.0.0-beta04] AndroidManifest.xml:30:13-37
139    </application>
140
141</manifest>